{"C:\\Users\\Win\\Desktop\\test_project\\src\\functions\\add.js": {"path":"C:\\Users\\Win\\Desktop\\test_project\\src\\functions\\add.js","statementMap":{"0":{"start":{"line":2,"column":4},"end":{"line":2,"column":16}},"1":{"start":{"line":5,"column":0},"end":{"line":5,"column":21}}},"fnMap":{"0":{"name":"add","decl":{"start":{"line":1,"column":9},"end":{"line":1,"column":12}},"loc":{"start":{"line":1,"column":18},"end":{"line":3,"column":1}},"line":1}},"branchMap":{},"s":{"0":3,"1":1},"f":{"0":3},"b":{},"_coverageSchema":"1a1c01bbd47fc00a2c39e90264f33305004495a9","hash":"52773f341638f314b73b5d32915ec181df8b2680"}
,"C:\\Users\\Win\\Desktop\\test_project\\src\\functions\\getUser.js": {"path":"C:\\Users\\Win\\Desktop\\test_project\\src\\functions\\getUser.js","statementMap":{"0":{"start":{"line":3,"column":4},"end":{"line":3,"column":33}},"1":{"start":{"line":6,"column":0},"end":{"line":6,"column":38}}},"fnMap":{"0":{"name":"getUserFromDatabase","decl":{"start":{"line":1,"column":9},"end":{"line":1,"column":28}},"loc":{"start":{"line":1,"column":33},"end":{"line":4,"column":1}},"line":1}},"branchMap":{},"s":{"0":1,"1":1},"f":{"0":1},"b":{},"_coverageSchema":"1a1c01bbd47fc00a2c39e90264f33305004495a9","hash":"c83c5388d5a71a9c9e0a9bda65b187ceb560339e"}
}
