TN:
SF:src\functions\add.js
FN:1,add
FNF:1
FNH:1
FNDA:3,add
DA:2,3
DA:5,1
LF:2
LH:2
BRF:0
BRH:0
end_of_record
TN:
SF:src\functions\fetchData.js
FN:1,fetchData
FNF:1
FNH:1
FNDA:2,fetchData
DA:2,2
DA:3,2
DA:4,2
DA:5,1
DA:7,1
DA:8,1
DA:10,1
DA:15,1
LF:8
LH:8
BRDA:4,0,0,1
BRDA:4,0,1,1
BRF:2
BRH:2
end_of_record
TN:
SF:src\functions\getUser.js
FN:1,getUserFromDatabase
FNF:1
FNH:1
FNDA:1,getUserFromDatabase
DA:3,1
DA:6,1
LF:2
LH:2
BRF:0
BRH:0
end_of_record
TN:
SF:src\functions\userModel.js
FN:13,(anonymous_0)
FNF:1
FNH:1
FNDA:1,(anonymous_0)
DA:1,1
DA:3,1
DA:10,1
DA:13,1
DA:15,1
DA:16,1
DA:17,1
DA:18,1
DA:20,0
DA:25,1
LF:10
LH:9
BRF:0
BRH:0
end_of_record
TN:
SF:src\functions\userUtils.js
FN:2,getUserFullName
FN:10,calculateAge
FN:29,getUserInitials
FNF:3
FNH:2
FNDA:2,getUserFullName
FNDA:1,calculateAge
FNDA:0,getUserInitials
DA:3,2
DA:4,0
DA:7,2
DA:13,1
DA:14,0
DA:17,1
DA:20,1
DA:21,0
DA:23,1
DA:30,0
DA:31,0
DA:34,0
DA:37,1
LF:13
LH:7
BRDA:3,0,0,0
BRDA:3,0,1,2
BRDA:3,1,0,2
BRDA:3,1,1,2
BRDA:7,2,0,2
BRDA:7,2,1,1
BRDA:13,3,0,0
BRDA:13,3,1,1
BRDA:13,4,0,1
BRDA:13,4,1,1
BRDA:13,4,2,1
BRDA:13,4,3,1
BRDA:20,5,0,0
BRDA:20,5,1,1
BRDA:20,6,0,1
BRDA:20,6,1,1
BRDA:30,7,0,0
BRDA:30,7,1,0
BRDA:30,8,0,0
BRDA:30,8,1,0
BRDA:30,8,2,0
BRF:21
BRH:13
end_of_record
